<?xml version="1.0" encoding="UTF-8"?>
<!-- Generated by org.testng.reporters.JUnitReportReporter -->
<testsuite hostname="Lenovo" failures="0" tests="1" name="com.sel.InterviewQuesExample" time="0.044" errors="0" timestamp="2021-05-10T11:28:34 IST" skipped="0">
  <testcase classname="com.sel.InterviewQuesExample" name="verifyTest" time="0.044"/>
  <system-out/>
</testsuite> <!-- com.sel.InterviewQuesExample -->
