<?xml version="1.0" encoding="UTF-8"?>
<!-- Generated by org.testng.reporters.JUnitReportReporter -->
<testsuite hostname="Lenovo" failures="0" tests="4" name="testNG.SampleTestCase" time="0.019" errors="0" timestamp="2021-04-08T00:08:46 GMT-07:00" skipped="0">
  <testcase classname="testNG.SampleTestCase" name="telvision2" time="0.005"/>
  <system-out/>
  <testcase classname="testNG.SampleTestCase" name="telvision4" time="0.005"/>
  <system-out/>
  <testcase classname="testNG.SampleTestCase" name="telvision3" time="0.004"/>
  <system-out/>
  <testcase classname="testNG.SampleTestCase" name="telvision1" time="0.005"/>
  <system-out/>
</testsuite> <!-- testNG.SampleTestCase -->
