<?xml version="1.0" encoding="UTF-8"?>
<!-- Generated by org.testng.reporters.JUnitReportReporter -->
<testsuite hostname="Lenovo" failures="0" tests="3" name="testNG.DependancisManagement" time="0.036" errors="0" timestamp="2021-04-08T00:08:46 GMT-07:00" skipped="0">
  <testcase classname="testNG.DependancisManagement" name="highschool" time="0.024"/>
  <system-out/>
  <testcase classname="testNG.DependancisManagement" name="engineering" time="0.006"/>
  <system-out/>
  <testcase classname="testNG.DependancisManagement" name="highsecondary" time="0.006"/>
  <system-out/>
</testsuite> <!-- testNG.DependancisManagement -->
