<?xml version="1.0" encoding="UTF-8"?>
<!-- Generated by org.testng.reporters.JUnitReportReporter -->
<testsuite hostname="Lenovo" failures="0" tests="2" name="testNG.ParallelTesting" time="93.586" errors="0" timestamp="2021-04-08T02:21:27 GMT-07:00" skipped="0">
  <testcase classname="testNG.ParallelTesting" name="openBing" time="45.950"/>
  <system-out/>
  <testcase classname="testNG.ParallelTesting" name="openGoogle" time="47.636"/>
  <system-out/>
</testsuite> <!-- testNG.ParallelTesting -->
