<?xml version="1.0" encoding="UTF-8"?>
<!-- Generated by org.testng.reporters.JUnitReportReporter -->
<testsuite hostname="Lenovo" failures="0" tests="1" name="testNG.AnnotationHierachyExample" time="0.061" errors="0" timestamp="2021-04-08T09:50:41 GMT-07:00" skipped="0">
  <testcase classname="testNG.AnnotationHierachyExample" name="test" time="0.061"/>
  <system-out/>
</testsuite> <!-- testNG.AnnotationHierachyExample -->
