<?xml version="1.0" encoding="UTF-8"?>
<!-- Generated by org.testng.reporters.JUnitReportReporter -->
<testsuite hostname="Lenovo" failures="0" tests="6" name="testNG.SkipTestCase" time="0.034" errors="0" timestamp="2021-04-08T00:08:46 GMT-07:00" skipped="1">
  <testcase classname="testNG.SkipTestCase" name="startTheCar" time="0.004"/>
  <system-out/>
  <testcase classname="testNG.SkipTestCase" name="putFirstGear" time="0.016"/>
  <system-out/>
  <testcase classname="testNG.SkipTestCase" name="putSecoundGear" time="0.003"/>
  <system-out/>
  <testcase classname="testNG.SkipTestCase" name="putThriedGear" time="0.007"/>
  <system-out/>
  <testcase classname="testNG.SkipTestCase" name="putFourthGear" time="0.004"/>
  <system-out/>
  <testcase classname="testNG.SkipTestCase" name="musicturnedOn">
    <skipped/>
  </testcase> <!-- musicturnedOn -->
  <system-out/>
</testsuite> <!-- testNG.SkipTestCase -->
