<?xml version="1.0" encoding="UTF-8"?>
<!-- Generated by org.testng.reporters.JUnitReportReporter -->
<testsuite hostname="Lenovo" failures="0" tests="4" name="testNG.GroupingExample" time="0.068" errors="0" timestamp="2021-04-08T00:33:35 GMT-07:00" skipped="0">
  <testcase classname="testNG.GroupingExample" name="moto2" time="0.007"/>
  <system-out/>
  <testcase classname="testNG.GroupingExample" name="vivo1" time="0.004"/>
  <system-out/>
  <testcase classname="testNG.GroupingExample" name="moto1" time="0.033"/>
  <system-out/>
  <testcase classname="testNG.GroupingExample" name="vivo2" time="0.024"/>
  <system-out/>
</testsuite> <!-- testNG.GroupingExample -->
