<?xml version="1.0" encoding="UTF-8"?>
<!-- Generated by org.testng.reporters.JUnitReportReporter -->
<testsuite hostname="Lenovo" failures="0" tests="1" name="testNG.ParameterizationExample" time="0.021" errors="0" timestamp="2021-04-08T01:35:02 GMT-07:00" skipped="0">
  <testcase classname="testNG.ParameterizationExample" name="printName" time="0.021"/>
  <system-out/>
</testsuite> <!-- testNG.ParameterizationExample -->
