<?xml version="1.0" encoding="UTF-8"?>
<!-- Generated by org.testng.reporters.JUnitReportReporter -->
<testsuite hostname="Lenovo" failures="0" tests="5" name="testNG.DriveACar" time="0.059" errors="0" timestamp="2021-04-08T00:08:46 GMT-07:00" skipped="0">
  <testcase classname="testNG.DriveACar" name="startTheCar" time="0.014"/>
  <system-out/>
  <testcase classname="testNG.DriveACar" name="putFirstGear" time="0.008"/>
  <system-out/>
  <testcase classname="testNG.DriveACar" name="putSecoundGear" time="0.026"/>
  <system-out/>
  <testcase classname="testNG.DriveACar" name="putThriedGear" time="0.005"/>
  <system-out/>
  <testcase classname="testNG.DriveACar" name="putFourthGear" time="0.006"/>
  <system-out/>
</testsuite> <!-- testNG.DriveACar -->
