<?xml version="1.0" encoding="UTF-8"?>
<!-- Generated by org.testng.reporters.JUnitReportReporter -->
<testsuite hostname="Lenovo" failures="0" tests="1" name="testNG.AssertionExample" time="0.032" errors="0" timestamp="2021-04-08T09:30:21 GMT-07:00" skipped="0">
  <testcase classname="testNG.AssertionExample" name="checkEqual" time="0.032"/>
  <system-out/>
</testsuite> <!-- testNG.AssertionExample -->
